********************************************************************************
*                     Friday, November 03, 2017 4:38:37 PM                     *
********************************************************************************
CSharpCompilerWrapper.exe version: 2.0.3.30
Platform: Windows
Target assembly: Assembly-CSharp.dll
Project directory: E:\UnityRepos\Laser Defender
Target profile directory: E:\Unity\Editor\Data\Mono\lib\mono\unity
Unity 'Data' or 'Frameworks' directory: E:/Unity/Editor/Data
Compiler: Microsoft C# 6.0

- Compilation -----------------------------------------------

Process: E:\UnityRepos\Laser Defender\CSharp60Support\Roslyn\csc.exe
Arguments: -nostdlib+ -noconfig -nologo -r:"E:\Unity\Editor\Data\Mono\lib\mono\unity\mscorlib.dll" -r:"E:\Unity\Editor\Data\Mono\lib\mono\unity\System.dll" -r:"E:\Unity\Editor\Data\Mono\lib\mono\unity\System.Core.dll" -r:"E:\Unity\Editor\Data\Mono\lib\mono\unity\System.Xml.dll" @Temp/UnityTempFile-e251e28e636f15640ba5bed84e4df33e 
Exit code: 0
Elapsed time: 8.51 sec

- Compiler output (0 lines):

- Compiler errors (0 lines):

- PDB to MDB conversion --------------------------------------

Process: E:\UnityRepos\Laser Defender\CSharp60Support\Roslyn\pdb2mdb.exe
Arguments: Temp\Assembly-CSharp.dll
Exit code: 0
Elapsed time: 2.52 sec

- pdb2mdb.exe output (0 lines):
********************************************************************************
*                     Friday, November 03, 2017 4:38:52 PM                     *
********************************************************************************
CSharpCompilerWrapper.exe version: 2.0.3.30
Platform: Windows
Target assembly: Assembly-CSharp-Editor.dll
Project directory: E:\UnityRepos\Laser Defender
Target profile directory: E:\Unity\Editor\Data\MonoBleedingEdge\lib\mono\2.0-api
Unity 'Data' or 'Frameworks' directory: E:/Unity/Editor/Data
Compiler: Microsoft C# 6.0

- Compilation -----------------------------------------------

Process: E:\UnityRepos\Laser Defender\CSharp60Support\Roslyn\csc.exe
Arguments: -nostdlib+ -noconfig -nologo -r:"E:\Unity\Editor\Data\MonoBleedingEdge\lib\mono\2.0-api\mscorlib.dll" -r:"E:\Unity\Editor\Data\MonoBleedingEdge\lib\mono\2.0-api\System.dll" -r:"E:\Unity\Editor\Data\MonoBleedingEdge\lib\mono\2.0-api\System.Core.dll" -r:"E:\Unity\Editor\Data\MonoBleedingEdge\lib\mono\2.0-api\System.Xml.dll" @Temp/UnityTempFile-d59c7d9b8a7bda54bba8adb4ca03b024 
Exit code: 0
Elapsed time: 3.04 sec

- Compiler output (0 lines):

- Compiler errors (0 lines):

- PDB to MDB conversion --------------------------------------

Process: E:\UnityRepos\Laser Defender\CSharp60Support\Roslyn\pdb2mdb.exe
Arguments: Temp\Assembly-CSharp-Editor.dll
Exit code: 0
Elapsed time: 0.05 sec

- pdb2mdb.exe output (0 lines):
